
05/13/2018 05:58:58 PM
	Problemas cargando el archivo FILE001
05/13/2018 05:58:58 PM
	Problemas cargando el archivo FILE002
06/10/2018 01:07:31 AM
	Error Fatal en licence split
06/20/2018 08:37:37 PM
	Problemas cargando archivos EXCFILE001
06/20/2018 08:37:37 PM
	Error fatal ERR000
06/20/2018 08:38:09 PM
	Problemas cargando archivos EXCFILE001
06/20/2018 08:38:09 PM
	Error fatal ERR000
06/20/2018 08:38:13 PM
	Problemas cargando archivos EXCFILE001
06/20/2018 08:38:13 PM
	Error fatal ERR000
06/20/2018 08:39:03 PM
	Problemas cargando archivos EXCFILE001
06/22/2018 09:10:20 PM
	Error fatal ERR000
06/22/2018 09:11:31 PM
	Problemas cargando archivos EXCFILE001
06/22/2018 09:11:31 PM
	Error fatal ERR000
06/22/2018 09:11:56 PM
	Problemas cargando archivos EXCFILE001
06/22/2018 09:11:56 PM
	Error fatal ERR000
